<?xml version="1.0" encoding="UTF-8"?>
<!-- Generated by org.testng.reporters.JUnitXMLReporter -->
<testsuite ignored="0" hostname="DESKTOP-SBQCLAR" failures="0" tests="3" name="Test" time="3.258" errors="0" timestamp="2020-02-26T15:20:35 IST">
  <testcase classname="com.btesElectrical.LoginTestMaven" name="CheckTitle" time="0.012"/>
  <testcase classname="com.btesElectrical.LoginTestMaven" name="forgot" time="1.073"/>
  <testcase classname="com.btesElectrical.LoginTestMaven" name="login" time="2.142"/>
</testsuite> <!-- Test -->
