<?xml version="1.0" encoding="UTF-8"?>
<testng-results ignored="0" total="1" passed="1" failed="0" skipped="0">
  <reporter-output>
  </reporter-output>
  <suite started-at="2020-03-03T14:48:28 IST" name="Default suite" finished-at="2020-03-03T14:48:28 IST" duration-ms="39">
    <groups>
    </groups>
    <test started-at="2020-03-03T14:48:28 IST" name="Default test" finished-at="2020-03-03T14:48:28 IST" duration-ms="39">
      <class name="Testng.Annotations">
        <test-method is-config="true" signature="befSuite()[pri:0, instance:Testng.Annotations@402e37bc]" started-at="2020-03-03T14:48:28 IST" name="befSuite" finished-at="2020-03-03T14:48:28 IST" duration-ms="13" status="PASS">
          <reporter-output>
          </reporter-output>
        </test-method> <!-- befSuite -->
        <test-method is-config="true" signature="befTest()[pri:0, instance:Testng.Annotations@402e37bc]" started-at="2020-03-03T14:48:28 IST" name="befTest" finished-at="2020-03-03T14:48:28 IST" duration-ms="1" status="PASS">
          <reporter-output>
          </reporter-output>
        </test-method> <!-- befTest -->
        <test-method is-config="true" signature="befClass()[pri:0, instance:Testng.Annotations@402e37bc]" started-at="2020-03-03T14:48:28 IST" name="befClass" finished-at="2020-03-03T14:48:28 IST" duration-ms="0" status="PASS">
          <reporter-output>
          </reporter-output>
        </test-method> <!-- befClass -->
        <test-method is-config="true" signature="befMethod()[pri:0, instance:Testng.Annotations@402e37bc]" started-at="2020-03-03T14:48:28 IST" name="befMethod" finished-at="2020-03-03T14:48:28 IST" duration-ms="0" status="PASS">
          <reporter-output>
          </reporter-output>
        </test-method> <!-- befMethod -->
        <test-method signature="driver()[pri:0, instance:Testng.Annotations@402e37bc]" started-at="2020-03-03T14:48:28 IST" name="driver" finished-at="2020-03-03T14:48:28 IST" duration-ms="4" status="PASS">
          <reporter-output>
          </reporter-output>
        </test-method> <!-- driver -->
        <test-method is-config="true" signature="aftMethod()[pri:0, instance:Testng.Annotations@402e37bc]" started-at="2020-03-03T14:48:28 IST" name="aftMethod" finished-at="2020-03-03T14:48:28 IST" duration-ms="0" status="PASS">
          <reporter-output>
          </reporter-output>
        </test-method> <!-- aftMethod -->
        <test-method is-config="true" signature="aftClass()[pri:0, instance:Testng.Annotations@402e37bc]" started-at="2020-03-03T14:48:28 IST" name="aftClass" finished-at="2020-03-03T14:48:28 IST" duration-ms="1" status="PASS">
          <reporter-output>
          </reporter-output>
        </test-method> <!-- aftClass -->
        <test-method is-config="true" signature="aftTest()[pri:0, instance:Testng.Annotations@402e37bc]" started-at="2020-03-03T14:48:28 IST" name="aftTest" finished-at="2020-03-03T14:48:28 IST" duration-ms="0" status="PASS">
          <reporter-output>
          </reporter-output>
        </test-method> <!-- aftTest -->
        <test-method is-config="true" signature="aftSuite()[pri:0, instance:Testng.Annotations@402e37bc]" started-at="2020-03-03T14:48:28 IST" name="aftSuite" finished-at="2020-03-03T14:48:28 IST" duration-ms="1" status="PASS">
          <reporter-output>
          </reporter-output>
        </test-method> <!-- aftSuite -->
      </class> <!-- Testng.Annotations -->
    </test> <!-- Default test -->
  </suite> <!-- Default suite -->
</testng-results>
