<?xml version="1.0" encoding="UTF-8"?>
<!-- Generated by org.testng.reporters.JUnitXMLReporter -->
<testsuite ignored="0" hostname="DESKTOP-SBQCLAR" failures="0" tests="3" name="Test" time="7.546" errors="0" timestamp="28 Feb 2020 10:00:56 GMT">
  <testcase classname="com.btesElectrical.LoginTestMaven" name="CheckTitle" time="0.011"/>
  <testcase classname="com.btesElectrical.LoginTestMaven" name="forgot" time="1.33"/>
  <testcase classname="com.btesElectrical.LoginTestMaven" name="login" time="6.175"/>
</testsuite> <!-- Test -->
