<?xml version="1.0" encoding="UTF-8"?>
<testng-results ignored="0" total="2" passed="2" failed="0" skipped="0">
  <reporter-output>
  </reporter-output>
  <suite started-at="2020-03-03T09:12:27Z" name="Suite" finished-at="2020-03-03T09:12:28Z" duration-ms="195">
    <groups>
    </groups>
    <test started-at="2020-03-03T09:12:27Z" name="Test" finished-at="2020-03-03T09:12:28Z" duration-ms="195">
      <class name="com.fb.testcases.LoginPageTestcases">
        <test-method is-config="true" signature="setup()[pri:0, instance:com.fb.testcases.LoginPageTestcases@23c30a20]" started-at="2020-03-03T09:12:13Z" name="setup" finished-at="2020-03-03T09:12:27Z" duration-ms="14827" status="PASS">
          <reporter-output>
          </reporter-output>
        </test-method> <!-- setup -->
        <test-method signature="VerifyTitleTest()[pri:0, instance:com.fb.testcases.LoginPageTestcases@23c30a20]" started-at="2020-03-03T09:12:27Z" name="VerifyTitleTest" finished-at="2020-03-03T09:12:27Z" duration-ms="18" status="PASS">
          <reporter-output>
          </reporter-output>
        </test-method> <!-- VerifyTitleTest -->
        <test-method signature="verifyLogintest()[pri:0, instance:com.fb.testcases.LoginPageTestcases@23c30a20]" started-at="2020-03-03T09:12:27Z" name="verifyLogintest" finished-at="2020-03-03T09:12:28Z" duration-ms="141" status="PASS">
          <reporter-output>
          </reporter-output>
        </test-method> <!-- verifyLogintest -->
      </class> <!-- com.fb.testcases.LoginPageTestcases -->
    </test> <!-- Test -->
  </suite> <!-- Suite -->
</testng-results>
