<?xml version="1.0" encoding="UTF-8"?>
<!-- Generated by org.testng.reporters.JUnitXMLReporter -->
<testsuite ignored="0" hostname="DESKTOP-SBQCLAR" failures="0" tests="3" name="Default test" time="7.486" errors="0" timestamp="2020-02-28T15:28:33 IST">
  <testcase classname="com.btesElectrical.LoginTestMaven" name="CheckTitle" time="0.01"/>
  <testcase classname="com.btesElectrical.LoginTestMaven" name="forgot" time="1.334"/>
  <testcase classname="com.btesElectrical.LoginTestMaven" name="login" time="6.118"/>
</testsuite> <!-- Default test -->
