<?xml version="1.0" encoding="UTF-8"?>
<testng-results ignored="0" total="3" passed="3" failed="0" skipped="0">
  <reporter-output>
  </reporter-output>
  <suite started-at="2020-02-28T10:00:48Z" name="Suite" finished-at="2020-02-28T10:00:56Z" duration-ms="7546">
    <groups>
    </groups>
    <test started-at="2020-02-28T10:00:48Z" name="Test" finished-at="2020-02-28T10:00:56Z" duration-ms="7546">
      <class name="com.btesElectrical.LoginTestMaven">
        <test-method is-config="true" signature="driverInfo1()[pri:0, instance:com.btesElectrical.LoginTestMaven@32b260fa]" started-at="2020-02-28T10:00:39Z" name="driverInfo1" finished-at="2020-02-28T10:00:48Z" duration-ms="9186" status="PASS">
          <reporter-output>
          </reporter-output>
        </test-method> <!-- driverInfo1 -->
        <test-method signature="CheckTitle()[pri:0, instance:com.btesElectrical.LoginTestMaven@32b260fa]" started-at="2020-02-28T10:00:48Z" name="CheckTitle" finished-at="2020-02-28T10:00:48Z" duration-ms="11" status="PASS">
          <reporter-output>
          </reporter-output>
        </test-method> <!-- CheckTitle -->
        <test-method signature="forgot()[pri:0, instance:com.btesElectrical.LoginTestMaven@32b260fa]" started-at="2020-02-28T10:00:48Z" name="forgot" finished-at="2020-02-28T10:00:49Z" duration-ms="1330" status="PASS">
          <reporter-output>
          </reporter-output>
        </test-method> <!-- forgot -->
        <test-method signature="login()[pri:0, instance:com.btesElectrical.LoginTestMaven@32b260fa]" started-at="2020-02-28T10:00:49Z" name="login" finished-at="2020-02-28T10:00:56Z" duration-ms="6175" status="PASS">
          <reporter-output>
          </reporter-output>
        </test-method> <!-- login -->
        <test-method is-config="true" signature="Close_Browser()[pri:0, instance:com.btesElectrical.LoginTestMaven@32b260fa]" started-at="2020-02-28T10:00:56Z" name="Close_Browser" finished-at="2020-02-28T10:00:56Z" duration-ms="53" status="PASS">
          <reporter-output>
          </reporter-output>
        </test-method> <!-- Close_Browser -->
      </class> <!-- com.btesElectrical.LoginTestMaven -->
    </test> <!-- Test -->
  </suite> <!-- Suite -->
</testng-results>
